#
# There is insufficient memory for the Java Runtime Environment to continue.
# Native memory allocation (mmap) failed to map 65536 bytes for Failed to commit metaspace.
# Possible reasons:
#   The system is out of physical RAM or swap space
#   The process is running with CompressedOops enabled, and the Java Heap may be blocking the growth of the native heap
# Possible solutions:
#   Reduce memory load on the system
#   Increase physical memory or swap space
#   Check if swap backing store is full
#   Decrease Java heap size (-Xmx/-Xms)
#   Decrease number of Java threads
#   Decrease Java thread stack sizes (-Xss)
#   Set larger code cache with -XX:ReservedCodeCacheSize=
#   JVM is running with Unscaled Compressed Oops mode in which the Java heap is
#     placed in the first 4GB address space. The Java Heap base address is the
#     maximum limit for the native heap growth. Please use -XX:HeapBaseMinAddress
#     to set the Java Heap base and to place the Java Heap above 4GB virtual address.
# This output file may be truncated or incomplete.
#
#  Out of Memory Error (virtualSpaceNode.cpp:110), pid=36996, tid=28112
#
# JRE version: OpenJDK Runtime Environment Temurin-17.0.6+10 (17.0.6+10) (build 17.0.6+10)
# Java VM: OpenJDK 64-Bit Server VM Temurin-17.0.6+10 (17.0.6+10, mixed mode, tiered, compressed oops, compressed class ptrs, g1 gc, windows-amd64)
# No core dump will be written. Minidumps are not enabled by default on client versions of Windows
#

---------------  S U M M A R Y ------------

Command Line: -Dfile.encoding=UTF-8 -XX:+ShowCodeDetailsInExceptionMessages PLAYWRIGHT.RedBus

Host: Intel(R) Core(TM) i5-6300U CPU @ 2.40GHz, 4 cores, 7G,  Windows 10 , 64 bit Build 19041 (10.0.19041.3393)
Time: Sun Oct  8 17:46:59 2023 India Standard Time elapsed time: 0.664146 seconds (0d 0h 0m 0s)

---------------  T H R E A D  ---------------

Current thread (0x00000235912ca260):  JavaThread "main" [_thread_in_vm, id=28112, stack(0x0000004e65800000,0x0000004e65900000)]

Stack: [0x0000004e65800000,0x0000004e65900000]
Native frames: (J=compiled Java code, j=interpreted, Vv=VM code, C=native code)
V  [jvm.dll+0x67741a]
V  [jvm.dll+0x834434]
V  [jvm.dll+0x835bde]
V  [jvm.dll+0x836243]
V  [jvm.dll+0x2457b5]
V  [jvm.dll+0x8304cb]
V  [jvm.dll+0x61bca6]
V  [jvm.dll+0x1c05fe]
V  [jvm.dll+0x61e5f1]
V  [jvm.dll+0x61c646]
V  [jvm.dll+0x239e4f]
V  [jvm.dll+0x626445]
V  [jvm.dll+0x1ea42b]
V  [jvm.dll+0x1ea965]
V  [jvm.dll+0x1eb39f]
V  [jvm.dll+0x1e0841]
V  [jvm.dll+0x53c6d0]
V  [jvm.dll+0x1f1017]
V  [jvm.dll+0x7aea1b]
V  [jvm.dll+0x7afdc2]
V  [jvm.dll+0x7b00f8]
V  [jvm.dll+0x23dbbe]
V  [jvm.dll+0x23de0f]
V  [jvm.dll+0x559c43]
V  [jvm.dll+0x55c0c4]
V  [jvm.dll+0x38288b]
V  [jvm.dll+0x382342]
C  0x000002359bed8995

Java frames: (J=compiled Java code, j=interpreted, Vv=VM code)
j  java.time.LocalDateTime.<clinit>()V+3 java.base@17.0.6
v  ~StubRoutines::call_stub
j  jdk.nio.zipfs.ZipUtils.dosToJavaTime(J)J+112 jdk.zipfs@17.0.6
j  jdk.nio.zipfs.ZipFileSystem$Entry.readCEN(Ljdk/nio/zipfs/ZipFileSystem;Ljdk/nio/zipfs/ZipFileSystem$IndexNode;)V+67 jdk.zipfs@17.0.6
j  jdk.nio.zipfs.ZipFileSystem$Entry.<init>(Ljdk/nio/zipfs/ZipFileSystem;Ljdk/nio/zipfs/ZipFileSystem$IndexNode;)V+64 jdk.zipfs@17.0.6
j  jdk.nio.zipfs.ZipFileSystem.getFileAttributes([B)Ljdk/nio/zipfs/ZipFileAttributes;+150 jdk.zipfs@17.0.6
j  jdk.nio.zipfs.ZipPath.readAttributes()Ljdk/nio/zipfs/ZipFileAttributes;+8 jdk.zipfs@17.0.6
j  jdk.nio.zipfs.ZipPath.readAttributes(Ljava/lang/Class;)Ljava/nio/file/attribute/BasicFileAttributes;+15 jdk.zipfs@17.0.6
j  jdk.nio.zipfs.ZipFileSystemProvider.readAttributes(Ljava/nio/file/Path;Ljava/lang/Class;[Ljava/nio/file/LinkOption;)Ljava/nio/file/attribute/BasicFileAttributes;+5 jdk.zipfs@17.0.6
j  java.nio.file.Files.readAttributes(Ljava/nio/file/Path;Ljava/lang/Class;[Ljava/nio/file/LinkOption;)Ljava/nio/file/attribute/BasicFileAttributes;+7 java.base@17.0.6
j  java.nio.file.FileTreeWalker.getAttributes(Ljava/nio/file/Path;Z)Ljava/nio/file/attribute/BasicFileAttributes;+56 java.base@17.0.6
j  java.nio.file.FileTreeWalker.visit(Ljava/nio/file/Path;ZZ)Ljava/nio/file/FileTreeWalker$Event;+3 java.base@17.0.6
j  java.nio.file.FileTreeWalker.walk(Ljava/nio/file/Path;)Ljava/nio/file/FileTreeWalker$Event;+21 java.base@17.0.6
j  java.nio.file.FileTreeIterator.<init>(Ljava/nio/file/Path;I[Ljava/nio/file/FileVisitOption;)V+26 java.base@17.0.6
j  java.nio.file.Files.walk(Ljava/nio/file/Path;I[Ljava/nio/file/FileVisitOption;)Ljava/util/stream/Stream;+7 java.base@17.0.6
j  java.nio.file.Files.walk(Ljava/nio/file/Path;[Ljava/nio/file/FileVisitOption;)Ljava/util/stream/Stream;+5 java.base@17.0.6
j  com.microsoft.playwright.impl.driver.jar.DriverJar.extractDriverToTempDir()V+60
j  com.microsoft.playwright.impl.driver.jar.DriverJar.initialize(Ljava/lang/Boolean;)V+119
j  com.microsoft.playwright.impl.driver.Driver.initialize(Ljava/util/Map;Ljava/lang/Boolean;)V+12
j  com.microsoft.playwright.impl.driver.Driver.createAndInstall(Ljava/util/Map;Ljava/lang/Boolean;)Lcom/microsoft/playwright/impl/driver/Driver;+12
j  com.microsoft.playwright.impl.driver.Driver.ensureDriverInstalled(Ljava/util/Map;Ljava/lang/Boolean;)Lcom/microsoft/playwright/impl/driver/Driver;+8
j  com.microsoft.playwright.impl.PlaywrightImpl.createImpl(Lcom/microsoft/playwright/Playwright$CreateOptions;Z)Lcom/microsoft/playwright/impl/PlaywrightImpl;+40
j  com.microsoft.playwright.impl.PlaywrightImpl.create(Lcom/microsoft/playwright/Playwright$CreateOptions;)Lcom/microsoft/playwright/impl/PlaywrightImpl;+2
j  com.microsoft.playwright.Playwright.create(Lcom/microsoft/playwright/Playwright$CreateOptions;)Lcom/microsoft/playwright/Playwright;+1
j  com.microsoft.playwright.Playwright.create()Lcom/microsoft/playwright/Playwright;+1
j  PLAYWRIGHT.RedBus.main([Ljava/lang/String;)V+0
v  ~StubRoutines::call_stub

---------------  P R O C E S S  ---------------

Threads class SMR info:
_java_thread_list=0x00000235ab183950, length=12, elements={
0x00000235912ca260, 0x00000235aa4f7d30, 0x00000235aa4f96a0, 0x00000235aa51a020,
0x00000235aa550000, 0x00000235aa551060, 0x00000235aa5520c0, 0x00000235ab0022a0,
0x00000235ab006760, 0x00000235ab007fe0, 0x00000235ab16ab70, 0x00000235ab183a10
}

Java Threads: ( => current thread )
=>0x00000235912ca260 JavaThread "main" [_thread_in_vm, id=28112, stack(0x0000004e65800000,0x0000004e65900000)]
  0x00000235aa4f7d30 JavaThread "Reference Handler" daemon [_thread_blocked, id=36384, stack(0x0000004e65f00000,0x0000004e66000000)]
  0x00000235aa4f96a0 JavaThread "Finalizer" daemon [_thread_blocked, id=36504, stack(0x0000004e66000000,0x0000004e66100000)]
  0x00000235aa51a020 JavaThread "Signal Dispatcher" daemon [_thread_blocked, id=36324, stack(0x0000004e66100000,0x0000004e66200000)]
  0x00000235aa550000 JavaThread "Attach Listener" daemon [_thread_blocked, id=35200, stack(0x0000004e66200000,0x0000004e66300000)]
  0x00000235aa551060 JavaThread "Service Thread" daemon [_thread_blocked, id=36288, stack(0x0000004e66300000,0x0000004e66400000)]
  0x00000235aa5520c0 JavaThread "Monitor Deflation Thread" daemon [_thread_blocked, id=36240, stack(0x0000004e66400000,0x0000004e66500000)]
  0x00000235ab0022a0 JavaThread "C2 CompilerThread0" daemon [_thread_blocked, id=36220, stack(0x0000004e66500000,0x0000004e66600000)]
  0x00000235ab006760 JavaThread "C1 CompilerThread0" daemon [_thread_blocked, id=35848, stack(0x0000004e66600000,0x0000004e66700000)]
  0x00000235ab007fe0 JavaThread "Sweeper thread" daemon [_thread_blocked, id=32536, stack(0x0000004e66700000,0x0000004e66800000)]
  0x00000235ab16ab70 JavaThread "Notification Thread" daemon [_thread_blocked, id=37192, stack(0x0000004e66800000,0x0000004e66900000)]
  0x00000235ab183a10 JavaThread "Common-Cleaner" daemon [_thread_blocked, id=37164, stack(0x0000004e66a00000,0x0000004e66b00000)]

Other Threads:
  0x00000235aa4f21f0 VMThread "VM Thread" [stack: 0x0000004e65e00000,0x0000004e65f00000] [id=35204]
  0x00000235ab173880 WatcherThread [stack: 0x0000004e66900000,0x0000004e66a00000] [id=37176]
  0x0000023591324720 GCTaskThread "GC Thread#0" [stack: 0x0000004e65900000,0x0000004e65a00000] [id=34744]
  0x00000235913342a0 ConcurrentGCThread "G1 Main Marker" [stack: 0x0000004e65a00000,0x0000004e65b00000] [id=35436]
  0x0000023591335490 ConcurrentGCThread "G1 Conc#0" [stack: 0x0000004e65b00000,0x0000004e65c00000] [id=34692]
  0x0000023591398710 ConcurrentGCThread "G1 Refine#0" [stack: 0x0000004e65c00000,0x0000004e65d00000] [id=31752]
  0x0000023591399030 ConcurrentGCThread "G1 Service" [stack: 0x0000004e65d00000,0x0000004e65e00000] [id=32008]

Threads with active compile tasks:

VM state: not at safepoint (normal execution)

VM Mutex/Monitor currently owned by a thread:  ([mutex/lock_event])
[0x00000235912c5fa0] Metaspace_lock - owner thread: 0x00000235912ca260

Heap address: 0x0000000089600000, size: 1898 MB, Compressed Oops mode: 32-bit

CDS archive(s) not mapped
Compressed class space mapped at: 0x0000000100000000-0x0000000140000000, reserved size: 1073741824
Narrow klass base: 0x0000000000000000, Narrow klass shift: 3, Narrow klass range: 0x140000000

GC Precious Log:
 CPUs: 4 total, 4 available
 Memory: 7591M
 Large Page Support: Disabled
 NUMA Support: Disabled
 Compressed Oops: Enabled (32-bit)
 Heap Region Size: 1M
 Heap Min Capacity: 8M
 Heap Initial Capacity: 120M
 Heap Max Capacity: 1898M
 Pre-touch: Disabled
 Parallel Workers: 4
 Concurrent Workers: 1
 Concurrent Refinement Workers: 4
 Periodic GC: Disabled

Heap:
 garbage-first heap   total 122880K, used 4096K [0x0000000089600000, 0x0000000100000000)
  region size 1024K, 5 young (5120K), 0 survivors (0K)
 Metaspace       used 8959K, committed 9088K, reserved 1064960K
  class space    used 788K, committed 896K, reserved 1048576K

Heap Regions: E=young(eden), S=young(survivor), O=old, HS=humongous(starts), HC=humongous(continues), CS=collection set, F=free, OA=open archive, CA=closed archive, TAMS=top-at-mark-start (previous, next)
|   0|0x0000000089600000, 0x0000000089600000, 0x0000000089700000|  0%| F|  |TAMS 0x0000000089600000, 0x0000000089600000| Untracked 
|   1|0x0000000089700000, 0x0000000089700000, 0x0000000089800000|  0%| F|  |TAMS 0x0000000089700000, 0x0000000089700000| Untracked 
|   2|0x0000000089800000, 0x0000000089800000, 0x0000000089900000|  0%| F|  |TAMS 0x0000000089800000, 0x0000000089800000| Untracked 
|   3|0x0000000089900000, 0x0000000089900000, 0x0000000089a00000|  0%| F|  |TAMS 0x0000000089900000, 0x0000000089900000| Untracked 
|   4|0x0000000089a00000, 0x0000000089a00000, 0x0000000089b00000|  0%| F|  |TAMS 0x0000000089a00000, 0x0000000089a00000| Untracked 
|   5|0x0000000089b00000, 0x0000000089b00000, 0x0000000089c00000|  0%| F|  |TAMS 0x0000000089b00000, 0x0000000089b00000| Untracked 
|   6|0x0000000089c00000, 0x0000000089c00000, 0x0000000089d00000|  0%| F|  |TAMS 0x0000000089c00000, 0x0000000089c00000| Untracked 
|   7|0x0000000089d00000, 0x0000000089d00000, 0x0000000089e00000|  0%| F|  |TAMS 0x0000000089d00000, 0x0000000089d00000| Untracked 
|   8|0x0000000089e00000, 0x0000000089e00000, 0x0000000089f00000|  0%| F|  |TAMS 0x0000000089e00000, 0x0000000089e00000| Untracked 
|   9|0x0000000089f00000, 0x0000000089f00000, 0x000000008a000000|  0%| F|  |TAMS 0x0000000089f00000, 0x0000000089f00000| Untracked 
|  10|0x000000008a000000, 0x000000008a000000, 0x000000008a100000|  0%| F|  |TAMS 0x000000008a000000, 0x000000008a000000| Untracked 
|  11|0x000000008a100000, 0x000000008a100000, 0x000000008a200000|  0%| F|  |TAMS 0x000000008a100000, 0x000000008a100000| Untracked 
|  12|0x000000008a200000, 0x000000008a200000, 0x000000008a300000|  0%| F|  |TAMS 0x000000008a200000, 0x000000008a200000| Untracked 
|  13|0x000000008a300000, 0x000000008a300000, 0x000000008a400000|  0%| F|  |TAMS 0x000000008a300000, 0x000000008a300000| Untracked 
|  14|0x000000008a400000, 0x000000008a400000, 0x000000008a500000|  0%| F|  |TAMS 0x000000008a400000, 0x000000008a400000| Untracked 
|  15|0x000000008a500000, 0x000000008a500000, 0x000000008a600000|  0%| F|  |TAMS 0x000000008a500000, 0x000000008a500000| Untracked 
|  16|0x000000008a600000, 0x000000008a600000, 0x000000008a700000|  0%| F|  |TAMS 0x000000008a600000, 0x000000008a600000| Untracked 
|  17|0x000000008a700000, 0x000000008a700000, 0x000000008a800000|  0%| F|  |TAMS 0x000000008a700000, 0x000000008a700000| Untracked 
|  18|0x000000008a800000, 0x000000008a800000, 0x000000008a900000|  0%| F|  |TAMS 0x000000008a800000, 0x000000008a800000| Untracked 
|  19|0x000000008a900000, 0x000000008a900000, 0x000000008aa00000|  0%| F|  |TAMS 0x000000008a900000, 0x000000008a900000| Untracked 
|  20|0x000000008aa00000, 0x000000008aa00000, 0x000000008ab00000|  0%| F|  |TAMS 0x000000008aa00000, 0x000000008aa00000| Untracked 
|  21|0x000000008ab00000, 0x000000008ab00000, 0x000000008ac00000|  0%| F|  |TAMS 0x000000008ab00000, 0x000000008ab00000| Untracked 
|  22|0x000000008ac00000, 0x000000008ac00000, 0x000000008ad00000|  0%| F|  |TAMS 0x000000008ac00000, 0x000000008ac00000| Untracked 
|  23|0x000000008ad00000, 0x000000008ad00000, 0x000000008ae00000|  0%| F|  |TAMS 0x000000008ad00000, 0x000000008ad00000| Untracked 
|  24|0x000000008ae00000, 0x000000008ae00000, 0x000000008af00000|  0%| F|  |TAMS 0x000000008ae00000, 0x000000008ae00000| Untracked 
|  25|0x000000008af00000, 0x000000008af00000, 0x000000008b000000|  0%| F|  |TAMS 0x000000008af00000, 0x000000008af00000| Untracked 
|  26|0x000000008b000000, 0x000000008b000000, 0x000000008b100000|  0%| F|  |TAMS 0x000000008b000000, 0x000000008b000000| Untracked 
|  27|0x000000008b100000, 0x000000008b100000, 0x000000008b200000|  0%| F|  |TAMS 0x000000008b100000, 0x000000008b100000| Untracked 
|  28|0x000000008b200000, 0x000000008b200000, 0x000000008b300000|  0%| F|  |TAMS 0x000000008b200000, 0x000000008b200000| Untracked 
|  29|0x000000008b300000, 0x000000008b300000, 0x000000008b400000|  0%| F|  |TAMS 0x000000008b300000, 0x000000008b300000| Untracked 
|  30|0x000000008b400000, 0x000000008b400000, 0x000000008b500000|  0%| F|  |TAMS 0x000000008b400000, 0x000000008b400000| Untracked 
|  31|0x000000008b500000, 0x000000008b500000, 0x000000008b600000|  0%| F|  |TAMS 0x000000008b500000, 0x000000008b500000| Untracked 
|  32|0x000000008b600000, 0x000000008b600000, 0x000000008b700000|  0%| F|  |TAMS 0x000000008b600000, 0x000000008b600000| Untracked 
|  33|0x000000008b700000, 0x000000008b700000, 0x000000008b800000|  0%| F|  |TAMS 0x000000008b700000, 0x000000008b700000| Untracked 
|  34|0x000000008b800000, 0x000000008b800000, 0x000000008b900000|  0%| F|  |TAMS 0x000000008b800000, 0x000000008b800000| Untracked 
|  35|0x000000008b900000, 0x000000008b900000, 0x000000008ba00000|  0%| F|  |TAMS 0x000000008b900000, 0x000000008b900000| Untracked 
|  36|0x000000008ba00000, 0x000000008ba00000, 0x000000008bb00000|  0%| F|  |TAMS 0x000000008ba00000, 0x000000008ba00000| Untracked 
|  37|0x000000008bb00000, 0x000000008bb00000, 0x000000008bc00000|  0%| F|  |TAMS 0x000000008bb00000, 0x000000008bb00000| Untracked 
|  38|0x000000008bc00000, 0x000000008bc00000, 0x000000008bd00000|  0%| F|  |TAMS 0x000000008bc00000, 0x000000008bc00000| Untracked 
|  39|0x000000008bd00000, 0x000000008bd00000, 0x000000008be00000|  0%| F|  |TAMS 0x000000008bd00000, 0x000000008bd00000| Untracked 
|  40|0x000000008be00000, 0x000000008be00000, 0x000000008bf00000|  0%| F|  |TAMS 0x000000008be00000, 0x000000008be00000| Untracked 
|  41|0x000000008bf00000, 0x000000008bf00000, 0x000000008c000000|  0%| F|  |TAMS 0x000000008bf00000, 0x000000008bf00000| Untracked 
|  42|0x000000008c000000, 0x000000008c000000, 0x000000008c100000|  0%| F|  |TAMS 0x000000008c000000, 0x000000008c000000| Untracked 
|  43|0x000000008c100000, 0x000000008c100000, 0x000000008c200000|  0%| F|  |TAMS 0x000000008c100000, 0x000000008c100000| Untracked 
|  44|0x000000008c200000, 0x000000008c200000, 0x000000008c300000|  0%| F|  |TAMS 0x000000008c200000, 0x000000008c200000| Untracked 
|  45|0x000000008c300000, 0x000000008c300000, 0x000000008c400000|  0%| F|  |TAMS 0x000000008c300000, 0x000000008c300000| Untracked 
|  46|0x000000008c400000, 0x000000008c400000, 0x000000008c500000|  0%| F|  |TAMS 0x000000008c400000, 0x000000008c400000| Untracked 
|  47|0x000000008c500000, 0x000000008c500000, 0x000000008c600000|  0%| F|  |TAMS 0x000000008c500000, 0x000000008c500000| Untracked 
|  48|0x000000008c600000, 0x000000008c600000, 0x000000008c700000|  0%| F|  |TAMS 0x000000008c600000, 0x000000008c600000| Untracked 
|  49|0x000000008c700000, 0x000000008c700000, 0x000000008c800000|  0%| F|  |TAMS 0x000000008c700000, 0x000000008c700000| Untracked 
|  50|0x000000008c800000, 0x000000008c800000, 0x000000008c900000|  0%| F|  |TAMS 0x000000008c800000, 0x000000008c800000| Untracked 
|  51|0x000000008c900000, 0x000000008c900000, 0x000000008ca00000|  0%| F|  |TAMS 0x000000008c900000, 0x000000008c900000| Untracked 
|  52|0x000000008ca00000, 0x000000008ca00000, 0x000000008cb00000|  0%| F|  |TAMS 0x000000008ca00000, 0x000000008ca00000| Untracked 
|  53|0x000000008cb00000, 0x000000008cb00000, 0x000000008cc00000|  0%| F|  |TAMS 0x000000008cb00000, 0x000000008cb00000| Untracked 
|  54|0x000000008cc00000, 0x000000008cc00000, 0x000000008cd00000|  0%| F|  |TAMS 0x000000008cc00000, 0x000000008cc00000| Untracked 
|  55|0x000000008cd00000, 0x000000008cd00000, 0x000000008ce00000|  0%| F|  |TAMS 0x000000008cd00000, 0x000000008cd00000| Untracked 
|  56|0x000000008ce00000, 0x000000008ce00000, 0x000000008cf00000|  0%| F|  |TAMS 0x000000008ce00000, 0x000000008ce00000| Untracked 
|  57|0x000000008cf00000, 0x000000008cf00000, 0x000000008d000000|  0%| F|  |TAMS 0x000000008cf00000, 0x000000008cf00000| Untracked 
|  58|0x000000008d000000, 0x000000008d000000, 0x000000008d100000|  0%| F|  |TAMS 0x000000008d000000, 0x000000008d000000| Untracked 
|  59|0x000000008d100000, 0x000000008d100000, 0x000000008d200000|  0%| F|  |TAMS 0x000000008d100000, 0x000000008d100000| Untracked 
|  60|0x000000008d200000, 0x000000008d200000, 0x000000008d300000|  0%| F|  |TAMS 0x000000008d200000, 0x000000008d200000| Untracked 
|  61|0x000000008d300000, 0x000000008d300000, 0x000000008d400000|  0%| F|  |TAMS 0x000000008d300000, 0x000000008d300000| Untracked 
|  62|0x000000008d400000, 0x000000008d400000, 0x000000008d500000|  0%| F|  |TAMS 0x000000008d400000, 0x000000008d400000| Untracked 
|  63|0x000000008d500000, 0x000000008d500000, 0x000000008d600000|  0%| F|  |TAMS 0x000000008d500000, 0x000000008d500000| Untracked 
|  64|0x000000008d600000, 0x000000008d600000, 0x000000008d700000|  0%| F|  |TAMS 0x000000008d600000, 0x000000008d600000| Untracked 
|  65|0x000000008d700000, 0x000000008d700000, 0x000000008d800000|  0%| F|  |TAMS 0x000000008d700000, 0x000000008d700000| Untracked 
|  66|0x000000008d800000, 0x000000008d800000, 0x000000008d900000|  0%| F|  |TAMS 0x000000008d800000, 0x000000008d800000| Untracked 
|  67|0x000000008d900000, 0x000000008d900000, 0x000000008da00000|  0%| F|  |TAMS 0x000000008d900000, 0x000000008d900000| Untracked 
|  68|0x000000008da00000, 0x000000008da00000, 0x000000008db00000|  0%| F|  |TAMS 0x000000008da00000, 0x000000008da00000| Untracked 
|  69|0x000000008db00000, 0x000000008db00000, 0x000000008dc00000|  0%| F|  |TAMS 0x000000008db00000, 0x000000008db00000| Untracked 
|  70|0x000000008dc00000, 0x000000008dc00000, 0x000000008dd00000|  0%| F|  |TAMS 0x000000008dc00000, 0x000000008dc00000| Untracked 
|  71|0x000000008dd00000, 0x000000008dd00000, 0x000000008de00000|  0%| F|  |TAMS 0x000000008dd00000, 0x000000008dd00000| Untracked 
|  72|0x000000008de00000, 0x000000008de00000, 0x000000008df00000|  0%| F|  |TAMS 0x000000008de00000, 0x000000008de00000| Untracked 
|  73|0x000000008df00000, 0x000000008df00000, 0x000000008e000000|  0%| F|  |TAMS 0x000000008df00000, 0x000000008df00000| Untracked 
|  74|0x000000008e000000, 0x000000008e000000, 0x000000008e100000|  0%| F|  |TAMS 0x000000008e000000, 0x000000008e000000| Untracked 
|  75|0x000000008e100000, 0x000000008e100000, 0x000000008e200000|  0%| F|  |TAMS 0x000000008e100000, 0x000000008e100000| Untracked 
|  76|0x000000008e200000, 0x000000008e200000, 0x000000008e300000|  0%| F|  |TAMS 0x000000008e200000, 0x000000008e200000| Untracked 
|  77|0x000000008e300000, 0x000000008e300000, 0x000000008e400000|  0%| F|  |TAMS 0x000000008e300000, 0x000000008e300000| Untracked 
|  78|0x000000008e400000, 0x000000008e400000, 0x000000008e500000|  0%| F|  |TAMS 0x000000008e400000, 0x000000008e400000| Untracked 
|  79|0x000000008e500000, 0x000000008e500000, 0x000000008e600000|  0%| F|  |TAMS 0x000000008e500000, 0x000000008e500000| Untracked 
|  80|0x000000008e600000, 0x000000008e600000, 0x000000008e700000|  0%| F|  |TAMS 0x000000008e600000, 0x000000008e600000| Untracked 
|  81|0x000000008e700000, 0x000000008e700000, 0x000000008e800000|  0%| F|  |TAMS 0x000000008e700000, 0x000000008e700000| Untracked 
|  82|0x000000008e800000, 0x000000008e800000, 0x000000008e900000|  0%| F|  |TAMS 0x000000008e800000, 0x000000008e800000| Untracked 
|  83|0x000000008e900000, 0x000000008e900000, 0x000000008ea00000|  0%| F|  |TAMS 0x000000008e900000, 0x000000008e900000| Untracked 
|  84|0x000000008ea00000, 0x000000008ea00000, 0x000000008eb00000|  0%| F|  |TAMS 0x000000008ea00000, 0x000000008ea00000| Untracked 
|  85|0x000000008eb00000, 0x000000008eb00000, 0x000000008ec00000|  0%| F|  |TAMS 0x000000008eb00000, 0x000000008eb00000| Untracked 
|  86|0x000000008ec00000, 0x000000008ec00000, 0x000000008ed00000|  0%| F|  |TAMS 0x000000008ec00000, 0x000000008ec00000| Untracked 
|  87|0x000000008ed00000, 0x000000008ed00000, 0x000000008ee00000|  0%| F|  |TAMS 0x000000008ed00000, 0x000000008ed00000| Untracked 
|  88|0x000000008ee00000, 0x000000008ee00000, 0x000000008ef00000|  0%| F|  |TAMS 0x000000008ee00000, 0x000000008ee00000| Untracked 
|  89|0x000000008ef00000, 0x000000008ef00000, 0x000000008f000000|  0%| F|  |TAMS 0x000000008ef00000, 0x000000008ef00000| Untracked 
|  90|0x000000008f000000, 0x000000008f000000, 0x000000008f100000|  0%| F|  |TAMS 0x000000008f000000, 0x000000008f000000| Untracked 
|  91|0x000000008f100000, 0x000000008f100000, 0x000000008f200000|  0%| F|  |TAMS 0x000000008f100000, 0x000000008f100000| Untracked 
|  92|0x000000008f200000, 0x000000008f200000, 0x000000008f300000|  0%| F|  |TAMS 0x000000008f200000, 0x000000008f200000| Untracked 
|  93|0x000000008f300000, 0x000000008f300000, 0x000000008f400000|  0%| F|  |TAMS 0x000000008f300000, 0x000000008f300000| Untracked 
|  94|0x000000008f400000, 0x000000008f400000, 0x000000008f500000|  0%| F|  |TAMS 0x000000008f400000, 0x000000008f400000| Untracked 
|  95|0x000000008f500000, 0x000000008f500000, 0x000000008f600000|  0%| F|  |TAMS 0x000000008f500000, 0x000000008f500000| Untracked 
|  96|0x000000008f600000, 0x000000008f600000, 0x000000008f700000|  0%| F|  |TAMS 0x000000008f600000, 0x000000008f600000| Untracked 
|  97|0x000000008f700000, 0x000000008f700000, 0x000000008f800000|  0%| F|  |TAMS 0x000000008f700000, 0x000000008f700000| Untracked 
|  98|0x000000008f800000, 0x000000008f800000, 0x000000008f900000|  0%| F|  |TAMS 0x000000008f800000, 0x000000008f800000| Untracked 
|  99|0x000000008f900000, 0x000000008f900000, 0x000000008fa00000|  0%| F|  |TAMS 0x000000008f900000, 0x000000008f900000| Untracked 
| 100|0x000000008fa00000, 0x000000008fa00000, 0x000000008fb00000|  0%| F|  |TAMS 0x000000008fa00000, 0x000000008fa00000| Untracked 
| 101|0x000000008fb00000, 0x000000008fb00000, 0x000000008fc00000|  0%| F|  |TAMS 0x000000008fb00000, 0x000000008fb00000| Untracked 
| 102|0x000000008fc00000, 0x000000008fc00000, 0x000000008fd00000|  0%| F|  |TAMS 0x000000008fc00000, 0x000000008fc00000| Untracked 
| 103|0x000000008fd00000, 0x000000008fd00000, 0x000000008fe00000|  0%| F|  |TAMS 0x000000008fd00000, 0x000000008fd00000| Untracked 
| 104|0x000000008fe00000, 0x000000008fe00000, 0x000000008ff00000|  0%| F|  |TAMS 0x000000008fe00000, 0x000000008fe00000| Untracked 
| 105|0x000000008ff00000, 0x000000008ff00000, 0x0000000090000000|  0%| F|  |TAMS 0x000000008ff00000, 0x000000008ff00000| Untracked 
| 106|0x0000000090000000, 0x0000000090000000, 0x0000000090100000|  0%| F|  |TAMS 0x0000000090000000, 0x0000000090000000| Untracked 
| 107|0x0000000090100000, 0x0000000090100000, 0x0000000090200000|  0%| F|  |TAMS 0x0000000090100000, 0x0000000090100000| Untracked 
| 108|0x0000000090200000, 0x0000000090200000, 0x0000000090300000|  0%| F|  |TAMS 0x0000000090200000, 0x0000000090200000| Untracked 
| 109|0x0000000090300000, 0x0000000090300000, 0x0000000090400000|  0%| F|  |TAMS 0x0000000090300000, 0x0000000090300000| Untracked 
| 110|0x0000000090400000, 0x0000000090400000, 0x0000000090500000|  0%| F|  |TAMS 0x0000000090400000, 0x0000000090400000| Untracked 
| 111|0x0000000090500000, 0x0000000090500000, 0x0000000090600000|  0%| F|  |TAMS 0x0000000090500000, 0x0000000090500000| Untracked 
| 112|0x0000000090600000, 0x0000000090600000, 0x0000000090700000|  0%| F|  |TAMS 0x0000000090600000, 0x0000000090600000| Untracked 
| 113|0x0000000090700000, 0x0000000090700000, 0x0000000090800000|  0%| F|  |TAMS 0x0000000090700000, 0x0000000090700000| Untracked 
| 114|0x0000000090800000, 0x0000000090800000, 0x0000000090900000|  0%| F|  |TAMS 0x0000000090800000, 0x0000000090800000| Untracked 
| 115|0x0000000090900000, 0x0000000090985a50, 0x0000000090a00000| 52%| E|  |TAMS 0x0000000090900000, 0x0000000090900000| Complete 
| 116|0x0000000090a00000, 0x0000000090b00000, 0x0000000090b00000|100%| E|CS|TAMS 0x0000000090a00000, 0x0000000090a00000| Complete 
| 117|0x0000000090b00000, 0x0000000090c00000, 0x0000000090c00000|100%| E|CS|TAMS 0x0000000090b00000, 0x0000000090b00000| Complete 
| 118|0x0000000090c00000, 0x0000000090d00000, 0x0000000090d00000|100%| E|CS|TAMS 0x0000000090c00000, 0x0000000090c00000| Complete 
| 119|0x0000000090d00000, 0x0000000090e00000, 0x0000000090e00000|100%| E|CS|TAMS 0x0000000090d00000, 0x0000000090d00000| Complete 

Card table byte_map: [0x00000235a3d50000,0x00000235a4110000] _byte_map_base: 0x00000235a3905000

Marking Bits (Prev, Next): (CMBitMap*) 0x0000023591324c30, (CMBitMap*) 0x0000023591324c70
 Prev Bits: [0x00000235a44d0000, 0x00000235a6278000)
 Next Bits: [0x00000235a6280000, 0x00000235a8028000)

Polling page: 0x000002358f060000

Metaspace:

Usage:
  Non-class:      7.98 MB used.
      Class:    788.55 KB used.
       Both:      8.75 MB used.

Virtual space:
  Non-class space:       16.00 MB reserved,       8.00 MB ( 50%) committed,  2 nodes.
      Class space:        1.00 GB reserved,     896.00 KB ( <1%) committed,  1 nodes.
             Both:        1.02 GB reserved,       8.88 MB ( <1%) committed. 

Chunk freelists:
   Non-Class:  3.00 MB
       Class:  3.09 MB
        Both:  6.09 MB

MaxMetaspaceSize: unlimited
CompressedClassSpaceSize: 1.00 GB
Initial GC threshold: 21.00 MB
Current GC threshold: 21.00 MB
CDS: off
MetaspaceReclaimPolicy: balanced
 - commit_granule_bytes: 65536.
 - commit_granule_words: 8192.
 - virtual_space_node_default_size: 1048576.
 - enlarge_chunks_in_place: 1.
 - new_chunks_are_fully_committed: 0.
 - uncommit_free_chunks: 1.
 - use_allocation_guard: 0.
 - handle_deallocations: 1.


Internal statistics:

num_allocs_failed_limit: 0.
num_arena_births: 18.
num_arena_deaths: 0.
num_vsnodes_births: 3.
num_vsnodes_deaths: 0.
num_space_committed: 142.
num_space_uncommitted: 0.
num_chunks_returned_to_freelist: 0.
num_chunks_taken_from_freelist: 61.
num_chunk_merges: 0.
num_chunk_splits: 29.
num_chunks_enlarged: 20.
num_purges: 0.
num_inconsistent_stats: 0.

CodeHeap 'non-profiled nmethods': size=120000Kb used=88Kb max_used=88Kb free=119911Kb
 bounds [0x000002359c460000, 0x000002359c6d0000, 0x00000235a3990000]
CodeHeap 'profiled nmethods': size=120000Kb used=520Kb max_used=520Kb free=119479Kb
 bounds [0x0000023594990000, 0x0000023594c00000, 0x000002359bec0000]
CodeHeap 'non-nmethods': size=5760Kb used=1139Kb max_used=1154Kb free=4620Kb
 bounds [0x000002359bec0000, 0x000002359c130000, 0x000002359c460000]
 total_blobs=792 nmethods=365 adapters=340
 compilation: enabled
              stopped_count=0, restarted_count=0
 full_count=0

Compilation events (20 events):
Event: 0.650 Thread 0x00000235ab0022a0  346   !   4       jdk.nio.zipfs.ZipFileSystem::checkUTF8 (56 bytes)
Event: 0.650 Thread 0x00000235ab006760 nmethod 355 0x0000023594a0e110 code [0x0000023594a0e2e0, 0x0000023594a0e588]
Event: 0.650 Thread 0x00000235ab006760  358       3       java.util.LinkedHashMap::get (29 bytes)
Event: 0.650 Thread 0x00000235ab006760 nmethod 358 0x0000023594a0e710 code [0x0000023594a0e8c0, 0x0000023594a0eb18]
Event: 0.650 Thread 0x00000235ab006760  359       3       java.util.HashMap::containsKey (14 bytes)
Event: 0.650 Thread 0x00000235ab006760 nmethod 359 0x0000023594a0ec10 code [0x0000023594a0edc0, 0x0000023594a0ef68]
Event: 0.650 Thread 0x00000235ab006760  362       3       jdk.nio.zipfs.ZipFileSystem$IndexNode::<init> (10 bytes)
Event: 0.651 Thread 0x00000235ab006760 nmethod 362 0x0000023594a0f010 code [0x0000023594a0f1a0, 0x0000023594a0f318]
Event: 0.651 Thread 0x00000235ab006760  360       3       jdk.nio.zipfs.ZipFileSystem::makeParentDirs (141 bytes)
Event: 0.652 Thread 0x00000235ab006760 nmethod 360 0x0000023594a0f410 code [0x0000023594a0f6c0, 0x0000023594a10518]
Event: 0.652 Thread 0x00000235ab006760  361       3       jdk.nio.zipfs.ZipFileSystem$ParentLookup::<init> (5 bytes)
Event: 0.652 Thread 0x00000235ab006760 nmethod 361 0x0000023594a10a90 code [0x0000023594a10c40, 0x0000023594a10e18]
Event: 0.652 Thread 0x00000235ab006760  363       3       jdk.nio.zipfs.ZipFileSystem$ParentLookup::as (8 bytes)
Event: 0.652 Thread 0x00000235ab006760 nmethod 363 0x0000023594a10f10 code [0x0000023594a110a0, 0x0000023594a111e8]
Event: 0.653 Thread 0x00000235ab006760  365       3       java.lang.String::checkBoundsOffCount (64 bytes)
Event: 0.654 Thread 0x00000235ab006760 nmethod 365 0x0000023594a11290 code [0x0000023594a11520, 0x0000023594a11e18]
Event: 0.654 Thread 0x00000235ab0022a0 nmethod 346 0x000002359c475390 code [0x000002359c475500, 0x000002359c4756b8]
Event: 0.654 Thread 0x00000235ab0022a0  348       4       jdk.nio.zipfs.ZipFileSystem$IndexNode::pathHasDotOrDotDot (123 bytes)
Event: 0.660 Thread 0x00000235ab0022a0 nmethod 348 0x000002359c475810 code [0x000002359c4759a0, 0x000002359c475c18]
Event: 0.660 Thread 0x00000235ab0022a0  364       4       jdk.nio.zipfs.ZipFileSystem$ParentLookup::name (43 bytes)

GC Heap History (0 events):
No events

Dll operation events (5 events):
Event: 0.017 Loaded shared library C:\Users\HP\.p2\pool\plugins\org.eclipse.justj.openjdk.hotspot.jre.full.win32.x86_64_17.0.6.v20230204-1729\jre\bin\java.dll
Event: 0.254 Loaded shared library C:\Users\HP\.p2\pool\plugins\org.eclipse.justj.openjdk.hotspot.jre.full.win32.x86_64_17.0.6.v20230204-1729\jre\bin\net.dll
Event: 0.258 Loaded shared library C:\Users\HP\.p2\pool\plugins\org.eclipse.justj.openjdk.hotspot.jre.full.win32.x86_64_17.0.6.v20230204-1729\jre\bin\nio.dll
Event: 0.272 Loaded shared library C:\Users\HP\.p2\pool\plugins\org.eclipse.justj.openjdk.hotspot.jre.full.win32.x86_64_17.0.6.v20230204-1729\jre\bin\zip.dll
Event: 0.556 Loaded shared library C:\Users\HP\.p2\pool\plugins\org.eclipse.justj.openjdk.hotspot.jre.full.win32.x86_64_17.0.6.v20230204-1729\jre\bin\jimage.dll

Deoptimization events (0 events):
No events

Classes unloaded (0 events):
No events

Classes redefined (0 events):
No events

Internal exceptions (3 events):
Event: 0.404 Thread 0x00000235912ca260 Exception <a 'java/lang/NoSuchMethodError'{0x0000000090b1e698}: 'java.lang.Object java.lang.invoke.DirectMethodHandle$Holder.invokeStaticInit(java.lang.Object, int, int, int, int)'> (0x0000000090b1e698) 
thrown [s\src\hotspot\share\interpreter\linkResolver.cpp, line 759]
Event: 0.543 Thread 0x00000235912ca260 Exception <a 'java/lang/NoSuchMethodError'{0x0000000090bc27d0}: 'java.lang.Object java.lang.invoke.DirectMethodHandle$Holder.invokeStaticInit(java.lang.Object, java.lang.Object, int, int, int, int)'> (0x0000000090bc27d0) 
thrown [s\src\hotspot\share\interpreter\linkResolver.cpp, line 759]
Event: 0.609 Thread 0x00000235912ca260 Exception <a 'java/lang/NoSuchMethodError'{0x0000000090a77748}: 'java.lang.Object java.lang.invoke.DirectMethodHandle$Holder.invokeStaticInit(java.lang.Object)'> (0x0000000090a77748) 
thrown [s\src\hotspot\share\interpreter\linkResolver.cpp, line 759]

VM Operations (6 events):
Event: 0.275 Executing VM operation: HandshakeAllThreads
Event: 0.275 Executing VM operation: HandshakeAllThreads done
Event: 0.442 Executing VM operation: HandshakeAllThreads
Event: 0.442 Executing VM operation: HandshakeAllThreads done
Event: 0.583 Executing VM operation: HandshakeAllThreads
Event: 0.583 Executing VM operation: HandshakeAllThreads done

Events (20 events):
Event: 0.633 loading class sun/nio/ch/Util$BufferCache done
Event: 0.633 loading class java/nio/DirectByteBuffer$Deallocator
Event: 0.633 loading class java/nio/DirectByteBuffer$Deallocator done
Event: 0.645 loading class java/util/LinkedHashMap$LinkedValues
Event: 0.646 loading class java/util/LinkedHashMap$LinkedValues done
Event: 0.653 loading class java/nio/file/FileVisitOption
Event: 0.653 loading class java/nio/file/FileVisitOption done
Event: 0.653 loading class java/nio/file/FileTreeIterator
Event: 0.654 loading class java/nio/file/FileTreeIterator done
Event: 0.654 loading class java/nio/file/FileTreeWalker
Event: 0.654 loading class java/nio/file/FileTreeWalker done
Event: 0.656 loading class java/time/DateTimeException
Event: 0.656 loading class java/time/DateTimeException done
Event: 0.656 loading class java/util/regex/PatternSyntaxException
Event: 0.656 loading class java/util/regex/PatternSyntaxException done
Event: 0.656 loading class java/time/LocalDate
Event: 0.657 loading class java/time/chrono/ChronoLocalDate
Event: 0.657 loading class java/time/chrono/ChronoLocalDate done
Event: 0.658 loading class java/time/LocalDate done
Event: 0.658 loading class java/time/LocalTime


Dynamic libraries:
0x00007ff72e7a0000 - 0x00007ff72e7ae000 	C:\Users\HP\.p2\pool\plugins\org.eclipse.justj.openjdk.hotspot.jre.full.win32.x86_64_17.0.6.v20230204-1729\jre\bin\javaw.exe
0x00007ffafe110000 - 0x00007ffafe308000 	C:\Windows\SYSTEM32\ntdll.dll
0x00007ffafdeb0000 - 0x00007ffafdf6d000 	C:\Windows\System32\KERNEL32.DLL
0x00007ffafbe70000 - 0x00007ffafc166000 	C:\Windows\System32\KERNELBASE.dll
0x00007ffafbad0000 - 0x00007ffafbbd0000 	C:\Windows\System32\ucrtbase.dll
0x00007ffaf1d60000 - 0x00007ffaf1d77000 	C:\Users\HP\.p2\pool\plugins\org.eclipse.justj.openjdk.hotspot.jre.full.win32.x86_64_17.0.6.v20230204-1729\jre\bin\jli.dll
0x00007ffaf1d40000 - 0x00007ffaf1d59000 	C:\Users\HP\.p2\pool\plugins\org.eclipse.justj.openjdk.hotspot.jre.full.win32.x86_64_17.0.6.v20230204-1729\jre\bin\VCRUNTIME140.dll
0x00007ffafd7d0000 - 0x00007ffafd96e000 	C:\Windows\System32\USER32.dll
0x00007ffaea390000 - 0x00007ffaea62a000 	C:\Windows\WinSxS\amd64_microsoft.windows.common-controls_6595b64144ccf1df_6.0.19041.1110_none_60b5254171f9507e\COMCTL32.dll
0x00007ffafbaa0000 - 0x00007ffafbac2000 	C:\Windows\System32\win32u.dll
0x00007ffafd760000 - 0x00007ffafd78c000 	C:\Windows\System32\GDI32.dll
0x00007ffafb7f0000 - 0x00007ffafb90a000 	C:\Windows\System32\gdi32full.dll
0x00007ffafd990000 - 0x00007ffafda2e000 	C:\Windows\System32\msvcrt.dll
0x00007ffafbd60000 - 0x00007ffafbdfd000 	C:\Windows\System32\msvcp_win.dll
0x00007ffafd7a0000 - 0x00007ffafd7d0000 	C:\Windows\System32\IMM32.DLL
0x00007ffaf7ff0000 - 0x00007ffaf7ffc000 	C:\Users\HP\.p2\pool\plugins\org.eclipse.justj.openjdk.hotspot.jre.full.win32.x86_64_17.0.6.v20230204-1729\jre\bin\vcruntime140_1.dll
0x00007ffada050000 - 0x00007ffada0e1000 	C:\Users\HP\.p2\pool\plugins\org.eclipse.justj.openjdk.hotspot.jre.full.win32.x86_64_17.0.6.v20230204-1729\jre\bin\msvcp140.dll
0x00007ffab76b0000 - 0x00007ffab82f7000 	C:\Users\HP\.p2\pool\plugins\org.eclipse.justj.openjdk.hotspot.jre.full.win32.x86_64_17.0.6.v20230204-1729\jre\bin\server\jvm.dll
0x00007ffafc7a0000 - 0x00007ffafc84e000 	C:\Windows\System32\ADVAPI32.dll
0x00007ffafe020000 - 0x00007ffafe0bc000 	C:\Windows\System32\sechost.dll
0x00007ffafcfa0000 - 0x00007ffafd0c6000 	C:\Windows\System32\RPCRT4.dll
0x00007ffae39e0000 - 0x00007ffae39e9000 	C:\Windows\SYSTEM32\WSOCK32.dll
0x00007ffaeab10000 - 0x00007ffaeab37000 	C:\Windows\SYSTEM32\WINMM.dll
0x00007ffafd6f0000 - 0x00007ffafd75b000 	C:\Windows\System32\WS2_32.dll
0x00007ffaf5920000 - 0x00007ffaf592a000 	C:\Windows\SYSTEM32\VERSION.dll
0x00007ffaf9680000 - 0x00007ffaf9692000 	C:\Windows\SYSTEM32\kernel.appcore.dll
0x00007ffaf8100000 - 0x00007ffaf810a000 	C:\Users\HP\.p2\pool\plugins\org.eclipse.justj.openjdk.hotspot.jre.full.win32.x86_64_17.0.6.v20230204-1729\jre\bin\jimage.dll
0x00007ffae66e0000 - 0x00007ffae68c4000 	C:\Windows\SYSTEM32\DBGHELP.DLL
0x00007ffae5f30000 - 0x00007ffae5f64000 	C:\Windows\SYSTEM32\dbgcore.DLL
0x00007ffafbbd0000 - 0x00007ffafbc52000 	C:\Windows\System32\bcryptPrimitives.dll
0x00007ffaf5110000 - 0x00007ffaf5135000 	C:\Users\HP\.p2\pool\plugins\org.eclipse.justj.openjdk.hotspot.jre.full.win32.x86_64_17.0.6.v20230204-1729\jre\bin\java.dll
0x00007ffaf8070000 - 0x00007ffaf8088000 	C:\Users\HP\.p2\pool\plugins\org.eclipse.justj.openjdk.hotspot.jre.full.win32.x86_64_17.0.6.v20230204-1729\jre\bin\zip.dll
0x00007ffafc850000 - 0x00007ffafcf95000 	C:\Windows\System32\SHELL32.dll
0x00007ffaf9880000 - 0x00007ffafa01b000 	C:\Windows\SYSTEM32\windows.storage.dll
0x00007ffafc350000 - 0x00007ffafc6a4000 	C:\Windows\System32\combase.dll
0x00007ffafb230000 - 0x00007ffafb25e000 	C:\Windows\SYSTEM32\Wldp.dll
0x00007ffafdf70000 - 0x00007ffafe01d000 	C:\Windows\System32\SHCORE.dll
0x00007ffafdb20000 - 0x00007ffafdb75000 	C:\Windows\System32\shlwapi.dll
0x00007ffafb720000 - 0x00007ffafb745000 	C:\Windows\SYSTEM32\profapi.dll
0x00007ffaf6480000 - 0x00007ffaf6499000 	C:\Users\HP\.p2\pool\plugins\org.eclipse.justj.openjdk.hotspot.jre.full.win32.x86_64_17.0.6.v20230204-1729\jre\bin\net.dll
0x00007ffaefa00000 - 0x00007ffaefb0a000 	C:\Windows\SYSTEM32\WINHTTP.dll
0x00007ffafaf90000 - 0x00007ffafaffa000 	C:\Windows\system32\mswsock.dll
0x00007ffaf4430000 - 0x00007ffaf4445000 	C:\Users\HP\.p2\pool\plugins\org.eclipse.justj.openjdk.hotspot.jre.full.win32.x86_64_17.0.6.v20230204-1729\jre\bin\nio.dll
0x00007ffafb180000 - 0x00007ffafb198000 	C:\Windows\SYSTEM32\CRYPTSP.dll
0x00007ffafa830000 - 0x00007ffafa864000 	C:\Windows\system32\rsaenh.dll
0x00007ffafb910000 - 0x00007ffafb937000 	C:\Windows\System32\bcrypt.dll
0x00007ffafb6e0000 - 0x00007ffafb70e000 	C:\Windows\SYSTEM32\USERENV.dll
0x00007ffafb1a0000 - 0x00007ffafb1ac000 	C:\Windows\SYSTEM32\CRYPTBASE.dll
0x00007ffafac30000 - 0x00007ffafac6b000 	C:\Windows\SYSTEM32\IPHLPAPI.DLL
0x00007ffafe0c0000 - 0x00007ffafe0c8000 	C:\Windows\System32\NSI.dll
0x00007ffaf19b0000 - 0x00007ffaf19c7000 	C:\Windows\SYSTEM32\dhcpcsvc6.DLL
0x00007ffaf3730000 - 0x00007ffaf374d000 	C:\Windows\SYSTEM32\dhcpcsvc.DLL
0x00007ffafac80000 - 0x00007ffafad4a000 	C:\Windows\SYSTEM32\DNSAPI.dll

dbghelp: loaded successfully - version: 4.0.5 - missing functions: none
symbol engine: initialized successfully - sym options: 0x614 - pdb path: .;C:\Users\HP\.p2\pool\plugins\org.eclipse.justj.openjdk.hotspot.jre.full.win32.x86_64_17.0.6.v20230204-1729\jre\bin;C:\Windows\SYSTEM32;C:\Windows\WinSxS\amd64_microsoft.windows.common-controls_6595b64144ccf1df_6.0.19041.1110_none_60b5254171f9507e;C:\Users\HP\.p2\pool\plugins\org.eclipse.justj.openjdk.hotspot.jre.full.win32.x86_64_17.0.6.v20230204-1729\jre\bin\server

VM Arguments:
jvm_args: -Dfile.encoding=UTF-8 -XX:+ShowCodeDetailsInExceptionMessages 
java_command: PLAYWRIGHT.RedBus
java_class_path (initial): C:\Users\HP\OneDrive\Desktop\PlayWright\PlaywrightProject\target\test-classes;C:\Users\HP\OneDrive\Desktop\PlayWright\PlaywrightProject\target\classes;C:\Users\HP\.m2\repository\com\microsoft\playwright\playwright\1.38.0\playwright-1.38.0.jar;C:\Users\HP\.m2\repository\com\google\code\gson\gson\2.8.9\gson-2.8.9.jar;C:\Users\HP\.m2\repository\org\opentest4j\opentest4j\1.2.0\opentest4j-1.2.0.jar;C:\Users\HP\.m2\repository\com\microsoft\playwright\driver\1.38.0\driver-1.38.0.jar;C:\Users\HP\.m2\repository\com\microsoft\playwright\driver-bundle\1.38.0\driver-bundle-1.38.0.jar
Launcher Type: SUN_STANDARD

[Global flags]
     intx CICompilerCount                          = 3                                         {product} {ergonomic}
     uint ConcGCThreads                            = 1                                         {product} {ergonomic}
     uint G1ConcRefinementThreads                  = 4                                         {product} {ergonomic}
   size_t G1HeapRegionSize                         = 1048576                                   {product} {ergonomic}
    uintx GCDrainStackTargetSize                   = 64                                        {product} {ergonomic}
   size_t InitialHeapSize                          = 125829120                                 {product} {ergonomic}
   size_t MarkStackSize                            = 4194304                                   {product} {ergonomic}
   size_t MaxHeapSize                              = 1990197248                                {product} {ergonomic}
   size_t MaxNewSize                               = 1193279488                                {product} {ergonomic}
   size_t MinHeapDeltaBytes                        = 1048576                                   {product} {ergonomic}
   size_t MinHeapSize                              = 8388608                                   {product} {ergonomic}
    uintx NonNMethodCodeHeapSize                   = 5832780                                {pd product} {ergonomic}
    uintx NonProfiledCodeHeapSize                  = 122912730                              {pd product} {ergonomic}
    uintx ProfiledCodeHeapSize                     = 122912730                              {pd product} {ergonomic}
    uintx ReservedCodeCacheSize                    = 251658240                              {pd product} {ergonomic}
     bool SegmentedCodeCache                       = true                                      {product} {ergonomic}
     bool ShowCodeDetailsInExceptionMessages       = true                                   {manageable} {command line}
   size_t SoftMaxHeapSize                          = 1990197248                             {manageable} {ergonomic}
     bool UseCompressedClassPointers               = true                           {product lp64_product} {ergonomic}
     bool UseCompressedOops                        = true                           {product lp64_product} {ergonomic}
     bool UseG1GC                                  = true                                      {product} {ergonomic}
     bool UseLargePagesIndividualAllocation        = false                                  {pd product} {ergonomic}

Logging:
Log output configuration:
 #0: stdout all=warning uptime,level,tags
 #1: stderr all=off uptime,level,tags

Environment Variables:
PATH=C:/Users/HP/.p2/pool/plugins/org.eclipse.justj.openjdk.hotspot.jre.full.win32.x86_64_17.0.6.v20230204-1729/jre/bin/server;C:/Users/HP/.p2/pool/plugins/org.eclipse.justj.openjdk.hotspot.jre.full.win32.x86_64_17.0.6.v20230204-1729/jre/bin;C:\Program Files\Java\jdk-11.0.16\bin;C:\Program Files (x86)\Common Files\Oracle\Java\javapath;C:\Windows\system32;C:\Windows;C:\Windows\System32\Wbem;C:\Windows\System32\WindowsPowerShell\v1.0\;C:\Windows\System32\OpenSSH\;C:\Program Files\Java\jdk1.8.0_202\bin;C:\Program Files\MySQL\MySQL Server 8.0\bin;C:\Program Files\nodejs\;C:\apache-maven-3.9.4\bin;C:\Program Files\Git\cmd;C:\Program Files\nodejs\node_modules;C:\Program Files\MySQL\MySQL Shell 8.0\bin\;C:\Users\HP\OneDrive\Desktop\jar\sikuli1\sikuli1\libs;C:\Users\HP\AppData\Local\Programs\Python\Python311\Scripts\;C:\Users\HP\AppData\Local\Programs\Python\Python311\;C:\Users\HP\AppData\Local\Microsoft\WindowsApps;C:\Users\HP\AppData\Roaming\npm;C:\Users\HP\AppData\Local\Programs\Microsoft VS Code\bin;C:\Users\HP\OneDrive\Desktop;
USERNAME=HP
OS=Windows_NT
PROCESSOR_IDENTIFIER=Intel64 Family 6 Model 78 Stepping 3, GenuineIntel
TMP=C:\Users\HP\AppData\Local\Temp
TEMP=C:\Users\HP\AppData\Local\Temp



---------------  S Y S T E M  ---------------

OS:
 Windows 10 , 64 bit Build 19041 (10.0.19041.3393)
OS uptime: 1 days 20:03 hours

CPU: total 4 (initial active 4) (2 cores per cpu, 2 threads per core) family 6 model 78 stepping 3 microcode 0xcc, cx8, cmov, fxsr, ht, mmx, 3dnowpref, sse, sse2, sse3, ssse3, sse4.1, sse4.2, popcnt, lzcnt, tsc, tscinvbit, avx, avx2, aes, erms, clmul, bmi1, bmi2, rtm, adx, fma, vzeroupper, clflush, clflushopt

Memory: 4k page, system-wide physical 7591M (121M free)
TotalPageFile size 31143M (AvailPageFile size 5M)
current process WorkingSet (physical memory assigned to process): 43M, peak: 43M
current process commit charge ("private bytes"): 193M, peak: 193M

vm_info: OpenJDK 64-Bit Server VM (17.0.6+10) for windows-amd64 JRE (17.0.6+10), built on Jan 18 2023 10:08:59 by "temurin" with MS VC++ 16.7 (VS2019)

END.
